2023-12-08T08:11:25.574+05:30  INFO 21292 --- [restartedMain] com.asit.IndigoFlightsApiApplication     : Starting IndigoFlightsApiApplication using Java 17.0.8 with PID 21292 (D:\MSA\IndigoFlightsAPI\target\classes started by shashavali in D:\MSA\IndigoFlightsAPI)
2023-12-08T08:11:25.576+05:30  INFO 21292 --- [restartedMain] com.asit.IndigoFlightsApiApplication     : No active profile set, falling back to 1 default profile: "default"
2023-12-08T08:11:25.608+05:30  INFO 21292 --- [restartedMain] .e.DevToolsPropertyDefaultsPostProcessor : Devtools property defaults active! Set 'spring.devtools.add-properties' to 'false' to disable
2023-12-08T08:11:25.608+05:30  INFO 21292 --- [restartedMain] .e.DevToolsPropertyDefaultsPostProcessor : For additional web related logging consider setting the 'logging.level.web' property to 'DEBUG'
2023-12-08T08:11:26.295+05:30  INFO 21292 --- [restartedMain] .s.d.r.c.RepositoryConfigurationDelegate : Bootstrapping Spring Data JPA repositories in DEFAULT mode.
2023-12-08T08:11:26.343+05:30  INFO 21292 --- [restartedMain] .s.d.r.c.RepositoryConfigurationDelegate : Finished Spring Data repository scanning in 42 ms. Found 1 JPA repository interface.
2023-12-08T08:11:26.528+05:30  INFO 21292 --- [restartedMain] o.s.cloud.context.scope.GenericScope     : BeanFactory id=8eefe126-d302-377b-b63a-f33cec378ac5
2023-12-08T08:11:27.038+05:30  INFO 21292 --- [restartedMain] o.s.b.w.embedded.tomcat.TomcatWebServer  : Tomcat initialized with port(s): 9099 (http)
2023-12-08T08:11:27.046+05:30  INFO 21292 --- [restartedMain] o.apache.catalina.core.StandardService   : Starting service [Tomcat]
2023-12-08T08:11:27.046+05:30  INFO 21292 --- [restartedMain] o.apache.catalina.core.StandardEngine    : Starting Servlet engine: [Apache Tomcat/10.1.16]
2023-12-08T08:11:27.117+05:30  INFO 21292 --- [restartedMain] o.a.c.c.C.[Tomcat].[localhost].[/]       : Initializing Spring embedded WebApplicationContext
2023-12-08T08:11:27.118+05:30  INFO 21292 --- [restartedMain] w.s.c.ServletWebServerApplicationContext : Root WebApplicationContext: initialization completed in 1509 ms
2023-12-08T08:11:27.566+05:30  INFO 21292 --- [restartedMain] o.hibernate.jpa.internal.util.LogHelper  : HHH000204: Processing PersistenceUnitInfo [name: default]
2023-12-08T08:11:27.645+05:30  INFO 21292 --- [restartedMain] org.hibernate.Version                    : HHH000412: Hibernate ORM core version 6.2.13.Final
2023-12-08T08:11:27.651+05:30  INFO 21292 --- [restartedMain] org.hibernate.cfg.Environment            : HHH000406: Using bytecode reflection optimizer
2023-12-08T08:11:27.846+05:30  INFO 21292 --- [restartedMain] o.s.o.j.p.SpringPersistenceUnitInfo      : No LoadTimeWeaver setup: ignoring JPA class transformer
2023-12-08T08:11:27.866+05:30  INFO 21292 --- [restartedMain] com.zaxxer.hikari.HikariDataSource       : HikariPool-1 - Starting...
2023-12-08T08:11:28.210+05:30  INFO 21292 --- [restartedMain] com.zaxxer.hikari.pool.HikariPool        : HikariPool-1 - Added connection com.mysql.cj.jdbc.ConnectionImpl@6a3a0256
2023-12-08T08:11:28.218+05:30  INFO 21292 --- [restartedMain] com.zaxxer.hikari.HikariDataSource       : HikariPool-1 - Start completed.
2023-12-08T08:11:28.291+05:30  WARN 21292 --- [restartedMain] o.h.e.j.e.i.JdbcEnvironmentInitiator     : HHH000342: Could not obtain connection to query metadata

org.hibernate.boot.registry.selector.spi.StrategySelectionException: Unable to resolve name [org.hibernate.dialect.MySQL5Dialect] as strategy [org.hibernate.dialect.Dialect]
	at org.hibernate.boot.registry.selector.internal.StrategySelectorImpl.selectStrategyImplementor(StrategySelectorImpl.java:154) ~[hibernate-core-6.2.13.Final.jar:6.2.13.Final]
	at org.hibernate.boot.registry.selector.internal.StrategySelectorImpl.resolveStrategy(StrategySelectorImpl.java:236) ~[hibernate-core-6.2.13.Final.jar:6.2.13.Final]
	at org.hibernate.boot.registry.selector.internal.StrategySelectorImpl.resolveStrategy(StrategySelectorImpl.java:189) ~[hibernate-core-6.2.13.Final.jar:6.2.13.Final]
	at org.hibernate.engine.jdbc.dialect.internal.DialectFactoryImpl.constructDialect(DialectFactoryImpl.java:122) ~[hibernate-core-6.2.13.Final.jar:6.2.13.Final]
	at org.hibernate.engine.jdbc.dialect.internal.DialectFactoryImpl.buildDialect(DialectFactoryImpl.java:87) ~[hibernate-core-6.2.13.Final.jar:6.2.13.Final]
	at org.hibernate.engine.jdbc.env.internal.JdbcEnvironmentInitiator$1.execute(JdbcEnvironmentInitiator.java:358) ~[hibernate-core-6.2.13.Final.jar:6.2.13.Final]
	at org.hibernate.engine.jdbc.env.internal.JdbcEnvironmentInitiator$1.execute(JdbcEnvironmentInitiator.java:280) ~[hibernate-core-6.2.13.Final.jar:6.2.13.Final]
	at org.hibernate.jdbc.WorkExecutor.executeReturningWork(WorkExecutor.java:56) ~[hibernate-core-6.2.13.Final.jar:6.2.13.Final]
	at org.hibernate.jdbc.AbstractReturningWork.accept(AbstractReturningWork.java:34) ~[hibernate-core-6.2.13.Final.jar:6.2.13.Final]
	at org.hibernate.resource.transaction.backend.jdbc.internal.JdbcIsolationDelegate.delegateWork(JdbcIsolationDelegate.java:70) ~[hibernate-core-6.2.13.Final.jar:6.2.13.Final]
	at org.hibernate.engine.jdbc.env.internal.JdbcEnvironmentInitiator.getJdbcEnvironmentUsingJdbcMetadata(JdbcEnvironmentInitiator.java:279) ~[hibernate-core-6.2.13.Final.jar:6.2.13.Final]
	at org.hibernate.engine.jdbc.env.internal.JdbcEnvironmentInitiator.initiateService(JdbcEnvironmentInitiator.java:193) ~[hibernate-core-6.2.13.Final.jar:6.2.13.Final]
	at org.hibernate.engine.jdbc.env.internal.JdbcEnvironmentInitiator.initiateService(JdbcEnvironmentInitiator.java:69) ~[hibernate-core-6.2.13.Final.jar:6.2.13.Final]
	at org.hibernate.boot.registry.internal.StandardServiceRegistryImpl.initiateService(StandardServiceRegistryImpl.java:119) ~[hibernate-core-6.2.13.Final.jar:6.2.13.Final]
	at org.hibernate.service.internal.AbstractServiceRegistryImpl.createService(AbstractServiceRegistryImpl.java:264) ~[hibernate-core-6.2.13.Final.jar:6.2.13.Final]
	at org.hibernate.service.internal.AbstractServiceRegistryImpl.initializeService(AbstractServiceRegistryImpl.java:239) ~[hibernate-core-6.2.13.Final.jar:6.2.13.Final]
	at org.hibernate.service.internal.AbstractServiceRegistryImpl.getService(AbstractServiceRegistryImpl.java:216) ~[hibernate-core-6.2.13.Final.jar:6.2.13.Final]
	at org.hibernate.boot.model.relational.Database.<init>(Database.java:45) ~[hibernate-core-6.2.13.Final.jar:6.2.13.Final]
	at org.hibernate.boot.internal.InFlightMetadataCollectorImpl.getDatabase(InFlightMetadataCollectorImpl.java:231) ~[hibernate-core-6.2.13.Final.jar:6.2.13.Final]
	at org.hibernate.boot.internal.InFlightMetadataCollectorImpl.<init>(InFlightMetadataCollectorImpl.java:199) ~[hibernate-core-6.2.13.Final.jar:6.2.13.Final]
	at org.hibernate.boot.model.process.spi.MetadataBuildingProcess.complete(MetadataBuildingProcess.java:169) ~[hibernate-core-6.2.13.Final.jar:6.2.13.Final]
	at org.hibernate.jpa.boot.internal.EntityManagerFactoryBuilderImpl.metadata(EntityManagerFactoryBuilderImpl.java:1383) ~[hibernate-core-6.2.13.Final.jar:6.2.13.Final]
	at org.hibernate.jpa.boot.internal.EntityManagerFactoryBuilderImpl.build(EntityManagerFactoryBuilderImpl.java:1454) ~[hibernate-core-6.2.13.Final.jar:6.2.13.Final]
	at org.springframework.orm.jpa.vendor.SpringHibernateJpaPersistenceProvider.createContainerEntityManagerFactory(SpringHibernateJpaPersistenceProvider.java:75) ~[spring-orm-6.0.14.jar:6.0.14]
	at org.springframework.orm.jpa.LocalContainerEntityManagerFactoryBean.createNativeEntityManagerFactory(LocalContainerEntityManagerFactoryBean.java:376) ~[spring-orm-6.0.14.jar:6.0.14]
	at org.springframework.orm.jpa.AbstractEntityManagerFactoryBean.buildNativeEntityManagerFactory(AbstractEntityManagerFactoryBean.java:409) ~[spring-orm-6.0.14.jar:6.0.14]
	at org.springframework.orm.jpa.AbstractEntityManagerFactoryBean.afterPropertiesSet(AbstractEntityManagerFactoryBean.java:396) ~[spring-orm-6.0.14.jar:6.0.14]
	at org.springframework.orm.jpa.LocalContainerEntityManagerFactoryBean.afterPropertiesSet(LocalContainerEntityManagerFactoryBean.java:352) ~[spring-orm-6.0.14.jar:6.0.14]
	at org.springframework.beans.factory.support.AbstractAutowireCapableBeanFactory.invokeInitMethods(AbstractAutowireCapableBeanFactory.java:1817) ~[spring-beans-6.0.14.jar:6.0.14]
	at org.springframework.beans.factory.support.AbstractAutowireCapableBeanFactory.initializeBean(AbstractAutowireCapableBeanFactory.java:1766) ~[spring-beans-6.0.14.jar:6.0.14]
	at org.springframework.beans.factory.support.AbstractAutowireCapableBeanFactory.doCreateBean(AbstractAutowireCapableBeanFactory.java:598) ~[spring-beans-6.0.14.jar:6.0.14]
	at org.springframework.beans.factory.support.AbstractAutowireCapableBeanFactory.createBean(AbstractAutowireCapableBeanFactory.java:520) ~[spring-beans-6.0.14.jar:6.0.14]
	at org.springframework.beans.factory.support.AbstractBeanFactory.lambda$doGetBean$0(AbstractBeanFactory.java:325) ~[spring-beans-6.0.14.jar:6.0.14]
	at org.springframework.beans.factory.support.DefaultSingletonBeanRegistry.getSingleton(DefaultSingletonBeanRegistry.java:234) ~[spring-beans-6.0.14.jar:6.0.14]
	at org.springframework.beans.factory.support.AbstractBeanFactory.doGetBean(AbstractBeanFactory.java:323) ~[spring-beans-6.0.14.jar:6.0.14]
	at org.springframework.beans.factory.support.AbstractBeanFactory.getBean(AbstractBeanFactory.java:199) ~[spring-beans-6.0.14.jar:6.0.14]
	at org.springframework.context.support.AbstractApplicationContext.getBean(AbstractApplicationContext.java:1166) ~[spring-context-6.0.14.jar:6.0.14]
	at org.springframework.context.support.AbstractApplicationContext.finishBeanFactoryInitialization(AbstractApplicationContext.java:940) ~[spring-context-6.0.14.jar:6.0.14]
	at org.springframework.context.support.AbstractApplicationContext.refresh(AbstractApplicationContext.java:616) ~[spring-context-6.0.14.jar:6.0.14]
	at org.springframework.boot.web.servlet.context.ServletWebServerApplicationContext.refresh(ServletWebServerApplicationContext.java:146) ~[spring-boot-3.1.6.jar:3.1.6]
	at org.springframework.boot.SpringApplication.refresh(SpringApplication.java:738) ~[spring-boot-3.1.6.jar:3.1.6]
	at org.springframework.boot.SpringApplication.refreshContext(SpringApplication.java:440) ~[spring-boot-3.1.6.jar:3.1.6]
	at org.springframework.boot.SpringApplication.run(SpringApplication.java:316) ~[spring-boot-3.1.6.jar:3.1.6]
	at org.springframework.boot.SpringApplication.run(SpringApplication.java:1306) ~[spring-boot-3.1.6.jar:3.1.6]
	at org.springframework.boot.SpringApplication.run(SpringApplication.java:1295) ~[spring-boot-3.1.6.jar:3.1.6]
	at com.asit.IndigoFlightsApiApplication.main(IndigoFlightsApiApplication.java:10) ~[classes/:na]
	at java.base/jdk.internal.reflect.NativeMethodAccessorImpl.invoke0(Native Method) ~[na:na]
	at java.base/jdk.internal.reflect.NativeMethodAccessorImpl.invoke(NativeMethodAccessorImpl.java:77) ~[na:na]
	at java.base/jdk.internal.reflect.DelegatingMethodAccessorImpl.invoke(DelegatingMethodAccessorImpl.java:43) ~[na:na]
	at java.base/java.lang.reflect.Method.invoke(Method.java:568) ~[na:na]
	at org.springframework.boot.devtools.restart.RestartLauncher.run(RestartLauncher.java:50) ~[spring-boot-devtools-3.1.6.jar:3.1.6]
Caused by: org.hibernate.boot.registry.classloading.spi.ClassLoadingException: Unable to load class [org.hibernate.dialect.MySQL5Dialect]
	at org.hibernate.boot.registry.classloading.internal.ClassLoaderServiceImpl.classForName(ClassLoaderServiceImpl.java:123) ~[hibernate-core-6.2.13.Final.jar:6.2.13.Final]
	at org.hibernate.boot.registry.selector.internal.StrategySelectorImpl.selectStrategyImplementor(StrategySelectorImpl.java:150) ~[hibernate-core-6.2.13.Final.jar:6.2.13.Final]
	... 50 common frames omitted
Caused by: java.lang.ClassNotFoundException: Could not load requested class : org.hibernate.dialect.MySQL5Dialect
	at org.hibernate.boot.registry.classloading.internal.AggregatedClassLoader.findClass(AggregatedClassLoader.java:215) ~[hibernate-core-6.2.13.Final.jar:6.2.13.Final]
	at java.base/java.lang.ClassLoader.loadClass(ClassLoader.java:587) ~[na:na]
	at java.base/java.lang.ClassLoader.loadClass(ClassLoader.java:520) ~[na:na]
	at java.base/java.lang.Class.forName0(Native Method) ~[na:na]
	at java.base/java.lang.Class.forName(Class.java:467) ~[na:na]
	at org.hibernate.boot.registry.classloading.internal.ClassLoaderServiceImpl.classForName(ClassLoaderServiceImpl.java:120) ~[hibernate-core-6.2.13.Final.jar:6.2.13.Final]
	... 51 common frames omitted
Caused by: java.lang.Throwable: null
	at org.hibernate.boot.registry.classloading.internal.AggregatedClassLoader.findClass(AggregatedClassLoader.java:208) ~[hibernate-core-6.2.13.Final.jar:6.2.13.Final]
	... 56 common frames omitted
	Suppressed: java.lang.ClassNotFoundException: org.hibernate.dialect.MySQL5Dialect
		at java.base/jdk.internal.loader.BuiltinClassLoader.loadClass(BuiltinClassLoader.java:641) ~[na:na]
		at java.base/jdk.internal.loader.ClassLoaders$AppClassLoader.loadClass(ClassLoaders.java:188) ~[na:na]
		at java.base/java.lang.ClassLoader.loadClass(ClassLoader.java:520) ~[na:na]
		at java.base/java.lang.Class.forName0(Native Method) ~[na:na]
		at java.base/java.lang.Class.forName(Class.java:467) ~[na:na]
		at org.springframework.boot.devtools.restart.classloader.RestartClassLoader.loadClass(RestartClassLoader.java:121) ~[spring-boot-devtools-3.1.6.jar:3.1.6]
		at java.base/java.lang.ClassLoader.loadClass(ClassLoader.java:520) ~[na:na]
		at org.hibernate.boot.registry.classloading.internal.AggregatedClassLoader.findClass(AggregatedClassLoader.java:205) ~[hibernate-core-6.2.13.Final.jar:6.2.13.Final]
		... 56 common frames omitted
	Suppressed: java.lang.ClassNotFoundException: org.hibernate.dialect.MySQL5Dialect
		at java.base/jdk.internal.loader.BuiltinClassLoader.loadClass(BuiltinClassLoader.java:641) ~[na:na]
		at java.base/jdk.internal.loader.ClassLoaders$AppClassLoader.loadClass(ClassLoaders.java:188) ~[na:na]
		at java.base/java.lang.ClassLoader.loadClass(ClassLoader.java:520) ~[na:na]
		at org.hibernate.boot.registry.classloading.internal.AggregatedClassLoader.findClass(AggregatedClassLoader.java:205) ~[hibernate-core-6.2.13.Final.jar:6.2.13.Final]
		... 56 common frames omitted
	Suppressed: java.lang.ClassNotFoundException: org.hibernate.dialect.MySQL5Dialect
		at java.base/jdk.internal.loader.BuiltinClassLoader.loadClass(BuiltinClassLoader.java:641) ~[na:na]
		at java.base/jdk.internal.loader.ClassLoaders$AppClassLoader.loadClass(ClassLoaders.java:188) ~[na:na]
		at java.base/java.lang.ClassLoader.loadClass(ClassLoader.java:520) ~[na:na]
		at java.base/java.lang.Class.forName0(Native Method) ~[na:na]
		at java.base/java.lang.Class.forName(Class.java:467) ~[na:na]
		at org.springframework.boot.devtools.restart.classloader.RestartClassLoader.loadClass(RestartClassLoader.java:121) ~[spring-boot-devtools-3.1.6.jar:3.1.6]
		at java.base/java.lang.ClassLoader.loadClass(ClassLoader.java:520) ~[na:na]
		at org.hibernate.boot.registry.classloading.internal.AggregatedClassLoader.findClass(AggregatedClassLoader.java:205) ~[hibernate-core-6.2.13.Final.jar:6.2.13.Final]
		... 56 common frames omitted
	Suppressed: java.lang.ClassNotFoundException: org.hibernate.dialect.MySQL5Dialect
		at java.base/jdk.internal.loader.BuiltinClassLoader.loadClass(BuiltinClassLoader.java:641) ~[na:na]
		at java.base/jdk.internal.loader.ClassLoaders$AppClassLoader.loadClass(ClassLoaders.java:188) ~[na:na]
		at java.base/java.lang.ClassLoader.loadClass(ClassLoader.java:520) ~[na:na]
		at org.hibernate.boot.registry.classloading.internal.AggregatedClassLoader.findClass(AggregatedClassLoader.java:205) ~[hibernate-core-6.2.13.Final.jar:6.2.13.Final]
		... 56 common frames omitted

2023-12-08T08:11:28.294+05:30 ERROR 21292 --- [restartedMain] j.LocalContainerEntityManagerFactoryBean : Failed to initialize JPA EntityManagerFactory: Unable to create requested service [org.hibernate.engine.jdbc.env.spi.JdbcEnvironment] due to: Unable to resolve name [org.hibernate.dialect.MySQL5Dialect] as strategy [org.hibernate.dialect.Dialect]
2023-12-08T08:11:28.295+05:30  WARN 21292 --- [restartedMain] ConfigServletWebServerApplicationContext : Exception encountered during context initialization - cancelling refresh attempt: org.springframework.beans.factory.BeanCreationException: Error creating bean with name 'entityManagerFactory' defined in class path resource [org/springframework/boot/autoconfigure/orm/jpa/HibernateJpaConfiguration.class]: Unable to create requested service [org.hibernate.engine.jdbc.env.spi.JdbcEnvironment] due to: Unable to resolve name [org.hibernate.dialect.MySQL5Dialect] as strategy [org.hibernate.dialect.Dialect]
2023-12-08T08:11:28.296+05:30  INFO 21292 --- [restartedMain] com.zaxxer.hikari.HikariDataSource       : HikariPool-1 - Shutdown initiated...
2023-12-08T08:11:28.302+05:30  INFO 21292 --- [restartedMain] com.zaxxer.hikari.HikariDataSource       : HikariPool-1 - Shutdown completed.
2023-12-08T08:11:29.309+05:30  WARN 21292 --- [restartedMain] z.r.AsyncReporter$BoundedAsyncReporter   : Timed out waiting for in-flight spans to send
2023-12-08T08:11:29.311+05:30  INFO 21292 --- [restartedMain] o.apache.catalina.core.StandardService   : Stopping service [Tomcat]
2023-12-08T08:11:29.341+05:30  INFO 21292 --- [restartedMain] .s.b.a.l.ConditionEvaluationReportLogger : 

Error starting ApplicationContext. To display the condition evaluation report re-run your application with 'debug' enabled.
2023-12-08T08:11:29.359+05:30 ERROR 21292 --- [restartedMain] o.s.boot.SpringApplication               : Application run failed

org.springframework.beans.factory.BeanCreationException: Error creating bean with name 'entityManagerFactory' defined in class path resource [org/springframework/boot/autoconfigure/orm/jpa/HibernateJpaConfiguration.class]: Unable to create requested service [org.hibernate.engine.jdbc.env.spi.JdbcEnvironment] due to: Unable to resolve name [org.hibernate.dialect.MySQL5Dialect] as strategy [org.hibernate.dialect.Dialect]
	at org.springframework.beans.factory.support.AbstractAutowireCapableBeanFactory.initializeBean(AbstractAutowireCapableBeanFactory.java:1770) ~[spring-beans-6.0.14.jar:6.0.14]
	at org.springframework.beans.factory.support.AbstractAutowireCapableBeanFactory.doCreateBean(AbstractAutowireCapableBeanFactory.java:598) ~[spring-beans-6.0.14.jar:6.0.14]
	at org.springframework.beans.factory.support.AbstractAutowireCapableBeanFactory.createBean(AbstractAutowireCapableBeanFactory.java:520) ~[spring-beans-6.0.14.jar:6.0.14]
	at org.springframework.beans.factory.support.AbstractBeanFactory.lambda$doGetBean$0(AbstractBeanFactory.java:325) ~[spring-beans-6.0.14.jar:6.0.14]
	at org.springframework.beans.factory.support.DefaultSingletonBeanRegistry.getSingleton(DefaultSingletonBeanRegistry.java:234) ~[spring-beans-6.0.14.jar:6.0.14]
	at org.springframework.beans.factory.support.AbstractBeanFactory.doGetBean(AbstractBeanFactory.java:323) ~[spring-beans-6.0.14.jar:6.0.14]
	at org.springframework.beans.factory.support.AbstractBeanFactory.getBean(AbstractBeanFactory.java:199) ~[spring-beans-6.0.14.jar:6.0.14]
	at org.springframework.context.support.AbstractApplicationContext.getBean(AbstractApplicationContext.java:1166) ~[spring-context-6.0.14.jar:6.0.14]
	at org.springframework.context.support.AbstractApplicationContext.finishBeanFactoryInitialization(AbstractApplicationContext.java:940) ~[spring-context-6.0.14.jar:6.0.14]
	at org.springframework.context.support.AbstractApplicationContext.refresh(AbstractApplicationContext.java:616) ~[spring-context-6.0.14.jar:6.0.14]
	at org.springframework.boot.web.servlet.context.ServletWebServerApplicationContext.refresh(ServletWebServerApplicationContext.java:146) ~[spring-boot-3.1.6.jar:3.1.6]
	at org.springframework.boot.SpringApplication.refresh(SpringApplication.java:738) ~[spring-boot-3.1.6.jar:3.1.6]
	at org.springframework.boot.SpringApplication.refreshContext(SpringApplication.java:440) ~[spring-boot-3.1.6.jar:3.1.6]
	at org.springframework.boot.SpringApplication.run(SpringApplication.java:316) ~[spring-boot-3.1.6.jar:3.1.6]
	at org.springframework.boot.SpringApplication.run(SpringApplication.java:1306) ~[spring-boot-3.1.6.jar:3.1.6]
	at org.springframework.boot.SpringApplication.run(SpringApplication.java:1295) ~[spring-boot-3.1.6.jar:3.1.6]
	at com.asit.IndigoFlightsApiApplication.main(IndigoFlightsApiApplication.java:10) ~[classes/:na]
	at java.base/jdk.internal.reflect.NativeMethodAccessorImpl.invoke0(Native Method) ~[na:na]
	at java.base/jdk.internal.reflect.NativeMethodAccessorImpl.invoke(NativeMethodAccessorImpl.java:77) ~[na:na]
	at java.base/jdk.internal.reflect.DelegatingMethodAccessorImpl.invoke(DelegatingMethodAccessorImpl.java:43) ~[na:na]
	at java.base/java.lang.reflect.Method.invoke(Method.java:568) ~[na:na]
	at org.springframework.boot.devtools.restart.RestartLauncher.run(RestartLauncher.java:50) ~[spring-boot-devtools-3.1.6.jar:3.1.6]
Caused by: org.hibernate.service.spi.ServiceException: Unable to create requested service [org.hibernate.engine.jdbc.env.spi.JdbcEnvironment] due to: Unable to resolve name [org.hibernate.dialect.MySQL5Dialect] as strategy [org.hibernate.dialect.Dialect]
	at org.hibernate.service.internal.AbstractServiceRegistryImpl.createService(AbstractServiceRegistryImpl.java:277) ~[hibernate-core-6.2.13.Final.jar:6.2.13.Final]
	at org.hibernate.service.internal.AbstractServiceRegistryImpl.initializeService(AbstractServiceRegistryImpl.java:239) ~[hibernate-core-6.2.13.Final.jar:6.2.13.Final]
	at org.hibernate.service.internal.AbstractServiceRegistryImpl.getService(AbstractServiceRegistryImpl.java:216) ~[hibernate-core-6.2.13.Final.jar:6.2.13.Final]
	at org.hibernate.boot.model.relational.Database.<init>(Database.java:45) ~[hibernate-core-6.2.13.Final.jar:6.2.13.Final]
	at org.hibernate.boot.internal.InFlightMetadataCollectorImpl.getDatabase(InFlightMetadataCollectorImpl.java:231) ~[hibernate-core-6.2.13.Final.jar:6.2.13.Final]
	at org.hibernate.boot.internal.InFlightMetadataCollectorImpl.<init>(InFlightMetadataCollectorImpl.java:199) ~[hibernate-core-6.2.13.Final.jar:6.2.13.Final]
	at org.hibernate.boot.model.process.spi.MetadataBuildingProcess.complete(MetadataBuildingProcess.java:169) ~[hibernate-core-6.2.13.Final.jar:6.2.13.Final]
	at org.hibernate.jpa.boot.internal.EntityManagerFactoryBuilderImpl.metadata(EntityManagerFactoryBuilderImpl.java:1383) ~[hibernate-core-6.2.13.Final.jar:6.2.13.Final]
	at org.hibernate.jpa.boot.internal.EntityManagerFactoryBuilderImpl.build(EntityManagerFactoryBuilderImpl.java:1454) ~[hibernate-core-6.2.13.Final.jar:6.2.13.Final]
	at org.springframework.orm.jpa.vendor.SpringHibernateJpaPersistenceProvider.createContainerEntityManagerFactory(SpringHibernateJpaPersistenceProvider.java:75) ~[spring-orm-6.0.14.jar:6.0.14]
	at org.springframework.orm.jpa.LocalContainerEntityManagerFactoryBean.createNativeEntityManagerFactory(LocalContainerEntityManagerFactoryBean.java:376) ~[spring-orm-6.0.14.jar:6.0.14]
	at org.springframework.orm.jpa.AbstractEntityManagerFactoryBean.buildNativeEntityManagerFactory(AbstractEntityManagerFactoryBean.java:409) ~[spring-orm-6.0.14.jar:6.0.14]
	at org.springframework.orm.jpa.AbstractEntityManagerFactoryBean.afterPropertiesSet(AbstractEntityManagerFactoryBean.java:396) ~[spring-orm-6.0.14.jar:6.0.14]
	at org.springframework.orm.jpa.LocalContainerEntityManagerFactoryBean.afterPropertiesSet(LocalContainerEntityManagerFactoryBean.java:352) ~[spring-orm-6.0.14.jar:6.0.14]
	at org.springframework.beans.factory.support.AbstractAutowireCapableBeanFactory.invokeInitMethods(AbstractAutowireCapableBeanFactory.java:1817) ~[spring-beans-6.0.14.jar:6.0.14]
	at org.springframework.beans.factory.support.AbstractAutowireCapableBeanFactory.initializeBean(AbstractAutowireCapableBeanFactory.java:1766) ~[spring-beans-6.0.14.jar:6.0.14]
	... 21 common frames omitted
Caused by: org.hibernate.boot.registry.selector.spi.StrategySelectionException: Unable to resolve name [org.hibernate.dialect.MySQL5Dialect] as strategy [org.hibernate.dialect.Dialect]
	at org.hibernate.boot.registry.selector.internal.StrategySelectorImpl.selectStrategyImplementor(StrategySelectorImpl.java:154) ~[hibernate-core-6.2.13.Final.jar:6.2.13.Final]
	at org.hibernate.boot.registry.selector.internal.StrategySelectorImpl.resolveStrategy(StrategySelectorImpl.java:236) ~[hibernate-core-6.2.13.Final.jar:6.2.13.Final]
	at org.hibernate.boot.registry.selector.internal.StrategySelectorImpl.resolveStrategy(StrategySelectorImpl.java:189) ~[hibernate-core-6.2.13.Final.jar:6.2.13.Final]
	at org.hibernate.engine.jdbc.dialect.internal.DialectFactoryImpl.constructDialect(DialectFactoryImpl.java:122) ~[hibernate-core-6.2.13.Final.jar:6.2.13.Final]
	at org.hibernate.engine.jdbc.dialect.internal.DialectFactoryImpl.buildDialect(DialectFactoryImpl.java:87) ~[hibernate-core-6.2.13.Final.jar:6.2.13.Final]
	at org.hibernate.engine.jdbc.env.internal.JdbcEnvironmentInitiator.getJdbcEnvironmentWithDefaults(JdbcEnvironmentInitiator.java:229) ~[hibernate-core-6.2.13.Final.jar:6.2.13.Final]
	at org.hibernate.engine.jdbc.env.internal.JdbcEnvironmentInitiator.getJdbcEnvironmentUsingJdbcMetadata(JdbcEnvironmentInitiator.java:381) ~[hibernate-core-6.2.13.Final.jar:6.2.13.Final]
	at org.hibernate.engine.jdbc.env.internal.JdbcEnvironmentInitiator.initiateService(JdbcEnvironmentInitiator.java:193) ~[hibernate-core-6.2.13.Final.jar:6.2.13.Final]
	at org.hibernate.engine.jdbc.env.internal.JdbcEnvironmentInitiator.initiateService(JdbcEnvironmentInitiator.java:69) ~[hibernate-core-6.2.13.Final.jar:6.2.13.Final]
	at org.hibernate.boot.registry.internal.StandardServiceRegistryImpl.initiateService(StandardServiceRegistryImpl.java:119) ~[hibernate-core-6.2.13.Final.jar:6.2.13.Final]
	at org.hibernate.service.internal.AbstractServiceRegistryImpl.createService(AbstractServiceRegistryImpl.java:264) ~[hibernate-core-6.2.13.Final.jar:6.2.13.Final]
	... 36 common frames omitted
Caused by: org.hibernate.boot.registry.classloading.spi.ClassLoadingException: Unable to load class [org.hibernate.dialect.MySQL5Dialect]
	at org.hibernate.boot.registry.classloading.internal.ClassLoaderServiceImpl.classForName(ClassLoaderServiceImpl.java:123) ~[hibernate-core-6.2.13.Final.jar:6.2.13.Final]
	at org.hibernate.boot.registry.selector.internal.StrategySelectorImpl.selectStrategyImplementor(StrategySelectorImpl.java:150) ~[hibernate-core-6.2.13.Final.jar:6.2.13.Final]
	... 46 common frames omitted
Caused by: java.lang.ClassNotFoundException: Could not load requested class : org.hibernate.dialect.MySQL5Dialect
	at org.hibernate.boot.registry.classloading.internal.AggregatedClassLoader.findClass(AggregatedClassLoader.java:215) ~[hibernate-core-6.2.13.Final.jar:6.2.13.Final]
	at java.base/java.lang.ClassLoader.loadClass(ClassLoader.java:587) ~[na:na]
	at java.base/java.lang.ClassLoader.loadClass(ClassLoader.java:520) ~[na:na]
	at java.base/java.lang.Class.forName0(Native Method) ~[na:na]
	at java.base/java.lang.Class.forName(Class.java:467) ~[na:na]
	at org.hibernate.boot.registry.classloading.internal.ClassLoaderServiceImpl.classForName(ClassLoaderServiceImpl.java:120) ~[hibernate-core-6.2.13.Final.jar:6.2.13.Final]
	... 47 common frames omitted
Caused by: java.lang.Throwable: null
	at org.hibernate.boot.registry.classloading.internal.AggregatedClassLoader.findClass(AggregatedClassLoader.java:208) ~[hibernate-core-6.2.13.Final.jar:6.2.13.Final]
	... 52 common frames omitted
	Suppressed: java.lang.ClassNotFoundException: org.hibernate.dialect.MySQL5Dialect
		at java.base/jdk.internal.loader.BuiltinClassLoader.loadClass(BuiltinClassLoader.java:641) ~[na:na]
		at java.base/jdk.internal.loader.ClassLoaders$AppClassLoader.loadClass(ClassLoaders.java:188) ~[na:na]
		at java.base/java.lang.ClassLoader.loadClass(ClassLoader.java:520) ~[na:na]
		at java.base/java.lang.Class.forName0(Native Method) ~[na:na]
		at java.base/java.lang.Class.forName(Class.java:467) ~[na:na]
		at org.springframework.boot.devtools.restart.classloader.RestartClassLoader.loadClass(RestartClassLoader.java:121) ~[spring-boot-devtools-3.1.6.jar:3.1.6]
		at java.base/java.lang.ClassLoader.loadClass(ClassLoader.java:520) ~[na:na]
		at org.hibernate.boot.registry.classloading.internal.AggregatedClassLoader.findClass(AggregatedClassLoader.java:205) ~[hibernate-core-6.2.13.Final.jar:6.2.13.Final]
		... 52 common frames omitted
	Suppressed: java.lang.ClassNotFoundException: org.hibernate.dialect.MySQL5Dialect
		at java.base/jdk.internal.loader.BuiltinClassLoader.loadClass(BuiltinClassLoader.java:641) ~[na:na]
		at java.base/jdk.internal.loader.ClassLoaders$AppClassLoader.loadClass(ClassLoaders.java:188) ~[na:na]
		at java.base/java.lang.ClassLoader.loadClass(ClassLoader.java:520) ~[na:na]
		at org.hibernate.boot.registry.classloading.internal.AggregatedClassLoader.findClass(AggregatedClassLoader.java:205) ~[hibernate-core-6.2.13.Final.jar:6.2.13.Final]
		... 52 common frames omitted
	Suppressed: java.lang.ClassNotFoundException: org.hibernate.dialect.MySQL5Dialect
		at java.base/jdk.internal.loader.BuiltinClassLoader.loadClass(BuiltinClassLoader.java:641) ~[na:na]
		at java.base/jdk.internal.loader.ClassLoaders$AppClassLoader.loadClass(ClassLoaders.java:188) ~[na:na]
		at java.base/java.lang.ClassLoader.loadClass(ClassLoader.java:520) ~[na:na]
		at java.base/java.lang.Class.forName0(Native Method) ~[na:na]
		at java.base/java.lang.Class.forName(Class.java:467) ~[na:na]
		at org.springframework.boot.devtools.restart.classloader.RestartClassLoader.loadClass(RestartClassLoader.java:121) ~[spring-boot-devtools-3.1.6.jar:3.1.6]
		at java.base/java.lang.ClassLoader.loadClass(ClassLoader.java:520) ~[na:na]
		at org.hibernate.boot.registry.classloading.internal.AggregatedClassLoader.findClass(AggregatedClassLoader.java:205) ~[hibernate-core-6.2.13.Final.jar:6.2.13.Final]
		... 52 common frames omitted
	Suppressed: java.lang.ClassNotFoundException: org.hibernate.dialect.MySQL5Dialect
		at java.base/jdk.internal.loader.BuiltinClassLoader.loadClass(BuiltinClassLoader.java:641) ~[na:na]
		at java.base/jdk.internal.loader.ClassLoaders$AppClassLoader.loadClass(ClassLoaders.java:188) ~[na:na]
		at java.base/java.lang.ClassLoader.loadClass(ClassLoader.java:520) ~[na:na]
		at org.hibernate.boot.registry.classloading.internal.AggregatedClassLoader.findClass(AggregatedClassLoader.java:205) ~[hibernate-core-6.2.13.Final.jar:6.2.13.Final]
		... 52 common frames omitted

2023-12-08T08:14:21.261+05:30  INFO 22168 --- [restartedMain] com.asit.IndigoFlightsApiApplication     : Starting IndigoFlightsApiApplication using Java 17.0.8 with PID 22168 (D:\MSA\IndigoFlightsAPI\target\classes started by shashavali in D:\MSA\IndigoFlightsAPI)
2023-12-08T08:14:21.262+05:30  INFO 22168 --- [restartedMain] com.asit.IndigoFlightsApiApplication     : No active profile set, falling back to 1 default profile: "default"
2023-12-08T08:14:21.294+05:30  INFO 22168 --- [restartedMain] .e.DevToolsPropertyDefaultsPostProcessor : Devtools property defaults active! Set 'spring.devtools.add-properties' to 'false' to disable
2023-12-08T08:14:21.294+05:30  INFO 22168 --- [restartedMain] .e.DevToolsPropertyDefaultsPostProcessor : For additional web related logging consider setting the 'logging.level.web' property to 'DEBUG'
2023-12-08T08:14:21.947+05:30  INFO 22168 --- [restartedMain] .s.d.r.c.RepositoryConfigurationDelegate : Bootstrapping Spring Data JPA repositories in DEFAULT mode.
2023-12-08T08:14:21.993+05:30  INFO 22168 --- [restartedMain] .s.d.r.c.RepositoryConfigurationDelegate : Finished Spring Data repository scanning in 41 ms. Found 1 JPA repository interface.
2023-12-08T08:14:22.145+05:30  INFO 22168 --- [restartedMain] o.s.cloud.context.scope.GenericScope     : BeanFactory id=8eefe126-d302-377b-b63a-f33cec378ac5
2023-12-08T08:14:22.647+05:30  INFO 22168 --- [restartedMain] o.s.b.w.embedded.tomcat.TomcatWebServer  : Tomcat initialized with port(s): 9099 (http)
2023-12-08T08:14:22.655+05:30  INFO 22168 --- [restartedMain] o.apache.catalina.core.StandardService   : Starting service [Tomcat]
2023-12-08T08:14:22.656+05:30  INFO 22168 --- [restartedMain] o.apache.catalina.core.StandardEngine    : Starting Servlet engine: [Apache Tomcat/10.1.16]
2023-12-08T08:14:22.730+05:30  INFO 22168 --- [restartedMain] o.a.c.c.C.[Tomcat].[localhost].[/]       : Initializing Spring embedded WebApplicationContext
2023-12-08T08:14:22.730+05:30  INFO 22168 --- [restartedMain] w.s.c.ServletWebServerApplicationContext : Root WebApplicationContext: initialization completed in 1436 ms
2023-12-08T08:14:23.133+05:30  INFO 22168 --- [restartedMain] o.hibernate.jpa.internal.util.LogHelper  : HHH000204: Processing PersistenceUnitInfo [name: default]
2023-12-08T08:14:23.212+05:30  INFO 22168 --- [restartedMain] org.hibernate.Version                    : HHH000412: Hibernate ORM core version 6.2.13.Final
2023-12-08T08:14:23.214+05:30  INFO 22168 --- [restartedMain] org.hibernate.cfg.Environment            : HHH000406: Using bytecode reflection optimizer
2023-12-08T08:14:23.395+05:30  INFO 22168 --- [restartedMain] o.s.o.j.p.SpringPersistenceUnitInfo      : No LoadTimeWeaver setup: ignoring JPA class transformer
2023-12-08T08:14:23.413+05:30  INFO 22168 --- [restartedMain] com.zaxxer.hikari.HikariDataSource       : HikariPool-1 - Starting...
2023-12-08T08:14:23.755+05:30  INFO 22168 --- [restartedMain] com.zaxxer.hikari.pool.HikariPool        : HikariPool-1 - Added connection com.mysql.cj.jdbc.ConnectionImpl@3f1fcd37
2023-12-08T08:14:23.756+05:30  INFO 22168 --- [restartedMain] com.zaxxer.hikari.HikariDataSource       : HikariPool-1 - Start completed.
2023-12-08T08:14:24.431+05:30  INFO 22168 --- [restartedMain] o.h.e.t.j.p.i.JtaPlatformInitiator       : HHH000489: No JTA platform available (set 'hibernate.transaction.jta.platform' to enable JTA platform integration)
2023-12-08T08:14:24.700+05:30  INFO 22168 --- [restartedMain] j.LocalContainerEntityManagerFactoryBean : Initialized JPA EntityManagerFactory for persistence unit 'default'
2023-12-08T08:14:24.867+05:30  WARN 22168 --- [restartedMain] JpaBaseConfiguration$JpaWebConfiguration : spring.jpa.open-in-view is enabled by default. Therefore, database queries may be performed during view rendering. Explicitly configure spring.jpa.open-in-view to disable this warning
2023-12-08T08:14:25.333+05:30  WARN 22168 --- [restartedMain] o.s.b.d.a.OptionalLiveReloadServer       : Unable to start LiveReload server
2023-12-08T08:14:25.395+05:30  INFO 22168 --- [restartedMain] DiscoveryClientOptionalArgsConfiguration : Eureka HTTP Client uses RestTemplate.
2023-12-08T08:14:25.421+05:30  WARN 22168 --- [restartedMain] iguration$LoadBalancerCaffeineWarnLogger : Spring Cloud LoadBalancer is currently working with the default cache. While this cache implementation is useful for development and tests, it's recommended to use Caffeine cache in production.You can switch to using Caffeine cache, by adding it and org.springframework.cache.caffeine.CaffeineCacheManager to the classpath.
2023-12-08T08:14:25.425+05:30  INFO 22168 --- [restartedMain] o.s.b.a.e.web.EndpointLinksResolver      : Exposing 17 endpoint(s) beneath base path '/actuator'
2023-12-08T08:14:25.480+05:30  INFO 22168 --- [restartedMain] o.s.c.n.eureka.InstanceInfoFactory       : Setting initial instance status as: STARTING
2023-12-08T08:14:25.511+05:30  INFO 22168 --- [restartedMain] com.netflix.discovery.DiscoveryClient    : Initializing Eureka in region us-east-1
2023-12-08T08:14:25.515+05:30  INFO 22168 --- [restartedMain] c.n.d.s.r.aws.ConfigClusterResolver      : Resolving eureka endpoints via configuration
2023-12-08T08:14:25.543+05:30  INFO 22168 --- [restartedMain] com.netflix.discovery.DiscoveryClient    : Disable delta property : false
2023-12-08T08:14:25.543+05:30  INFO 22168 --- [restartedMain] com.netflix.discovery.DiscoveryClient    : Single vip registry refresh property : null
2023-12-08T08:14:25.543+05:30  INFO 22168 --- [restartedMain] com.netflix.discovery.DiscoveryClient    : Force full registry fetch : false
2023-12-08T08:14:25.544+05:30  INFO 22168 --- [restartedMain] com.netflix.discovery.DiscoveryClient    : Application is null : false
2023-12-08T08:14:25.544+05:30  INFO 22168 --- [restartedMain] com.netflix.discovery.DiscoveryClient    : Registered Applications size is zero : true
2023-12-08T08:14:25.544+05:30  INFO 22168 --- [restartedMain] com.netflix.discovery.DiscoveryClient    : Application version is -1: true
2023-12-08T08:14:25.544+05:30  INFO 22168 --- [restartedMain] com.netflix.discovery.DiscoveryClient    : Getting all instance registry info from the eureka server
2023-12-08T08:14:25.715+05:30  INFO 22168 --- [restartedMain] com.netflix.discovery.DiscoveryClient    : The response status is 200
2023-12-08T08:14:25.717+05:30  INFO 22168 --- [restartedMain] com.netflix.discovery.DiscoveryClient    : Starting heartbeat executor: renew interval is: 30
2023-12-08T08:14:25.719+05:30  INFO 22168 --- [restartedMain] c.n.discovery.InstanceInfoReplicator     : InstanceInfoReplicator onDemand update allowed rate per min is 4
2023-12-08T08:14:25.726+05:30  INFO 22168 --- [restartedMain] com.netflix.discovery.DiscoveryClient    : Discovery Client initialized at timestamp 1702003465722 with initial instances count: 0
2023-12-08T08:14:25.728+05:30  INFO 22168 --- [restartedMain] o.s.c.n.e.s.EurekaServiceRegistry        : Registering application INDIGOFLIGHTSSERVICE with eureka with status UP
2023-12-08T08:14:25.728+05:30  INFO 22168 --- [restartedMain] com.netflix.discovery.DiscoveryClient    : Saw local status change event StatusChangeEvent [timestamp=1702003465728, current=UP, previous=STARTING]
2023-12-08T08:14:25.730+05:30  INFO 22168 --- [DiscoveryClient-InstanceInfoReplicator-0] com.netflix.discovery.DiscoveryClient    : DiscoveryClient_INDIGOFLIGHTSSERVICE/shashavali:IndigoFlightsService:9099: registering service...
2023-12-08T08:14:25.763+05:30  INFO 22168 --- [restartedMain] o.s.b.w.embedded.tomcat.TomcatWebServer  : Tomcat started on port(s): 9099 (http) with context path ''
2023-12-08T08:14:25.764+05:30  INFO 22168 --- [restartedMain] .s.c.n.e.s.EurekaAutoServiceRegistration : Updating port to 9099
2023-12-08T08:14:25.840+05:30  INFO 22168 --- [restartedMain] com.asit.IndigoFlightsApiApplication     : Started IndigoFlightsApiApplication in 4.911 seconds (process running for 5.412)
2023-12-08T08:14:25.990+05:30  INFO 22168 --- [DiscoveryClient-InstanceInfoReplicator-0] com.netflix.discovery.DiscoveryClient    : DiscoveryClient_INDIGOFLIGHTSSERVICE/shashavali:IndigoFlightsService:9099 - registration status: 204
2023-12-08T08:14:55.729+05:30  INFO 22168 --- [DiscoveryClient-CacheRefreshExecutor-0] com.netflix.discovery.DiscoveryClient    : Disable delta property : false
2023-12-08T08:14:55.730+05:30  INFO 22168 --- [DiscoveryClient-CacheRefreshExecutor-0] com.netflix.discovery.DiscoveryClient    : Single vip registry refresh property : null
2023-12-08T08:14:55.731+05:30  INFO 22168 --- [DiscoveryClient-CacheRefreshExecutor-0] com.netflix.discovery.DiscoveryClient    : Force full registry fetch : false
2023-12-08T08:14:55.731+05:30  INFO 22168 --- [DiscoveryClient-CacheRefreshExecutor-0] com.netflix.discovery.DiscoveryClient    : Application is null : false
2023-12-08T08:14:55.731+05:30  INFO 22168 --- [DiscoveryClient-CacheRefreshExecutor-0] com.netflix.discovery.DiscoveryClient    : Registered Applications size is zero : true
2023-12-08T08:14:55.731+05:30  INFO 22168 --- [DiscoveryClient-CacheRefreshExecutor-0] com.netflix.discovery.DiscoveryClient    : Application version is -1: false
2023-12-08T08:14:55.731+05:30  INFO 22168 --- [DiscoveryClient-CacheRefreshExecutor-0] com.netflix.discovery.DiscoveryClient    : Getting all instance registry info from the eureka server
2023-12-08T08:14:55.744+05:30  INFO 22168 --- [DiscoveryClient-CacheRefreshExecutor-0] com.netflix.discovery.DiscoveryClient    : The response status is 200
2023-12-08T08:15:50.863+05:30  INFO 22168 --- [File Watcher] rtingClassPathChangeChangedEventListener : Restarting due to 1 class path change (0 additions, 0 deletions, 1 modification)
2023-12-08T08:15:50.866+05:30  INFO 22168 --- [Thread-1] o.s.c.n.e.s.EurekaServiceRegistry        : Unregistering application INDIGOFLIGHTSSERVICE with eureka with status DOWN
2023-12-08T08:15:50.866+05:30  INFO 22168 --- [Thread-1] com.netflix.discovery.DiscoveryClient    : Saw local status change event StatusChangeEvent [timestamp=1702003550866, current=DOWN, previous=UP]
2023-12-08T08:15:50.866+05:30  INFO 22168 --- [DiscoveryClient-InstanceInfoReplicator-0] com.netflix.discovery.DiscoveryClient    : DiscoveryClient_INDIGOFLIGHTSSERVICE/shashavali:IndigoFlightsService:9099: registering service...
2023-12-08T08:15:50.875+05:30  INFO 22168 --- [DiscoveryClient-InstanceInfoReplicator-0] com.netflix.discovery.DiscoveryClient    : DiscoveryClient_INDIGOFLIGHTSSERVICE/shashavali:IndigoFlightsService:9099 - registration status: 204
2023-12-08T08:15:50.879+05:30  INFO 22168 --- [Thread-1] o.apache.catalina.core.StandardService   : Stopping service [Tomcat]
2023-12-08T08:15:50.898+05:30  INFO 22168 --- [Thread-1] j.LocalContainerEntityManagerFactoryBean : Closing JPA EntityManagerFactory for persistence unit 'default'
2023-12-08T08:15:50.903+05:30  INFO 22168 --- [Thread-1] com.zaxxer.hikari.HikariDataSource       : HikariPool-1 - Shutdown initiated...
2023-12-08T08:15:50.916+05:30  INFO 22168 --- [Thread-1] com.zaxxer.hikari.HikariDataSource       : HikariPool-1 - Shutdown completed.
2023-12-08T08:15:51.931+05:30  INFO 22168 --- [Thread-1] com.netflix.discovery.DiscoveryClient    : Shutting down DiscoveryClient ...
2023-12-08T08:15:54.940+05:30  INFO 22168 --- [Thread-1] com.netflix.discovery.DiscoveryClient    : Unregistering ...
2023-12-08T08:15:54.949+05:30  INFO 22168 --- [Thread-1] com.netflix.discovery.DiscoveryClient    : DiscoveryClient_INDIGOFLIGHTSSERVICE/shashavali:IndigoFlightsService:9099 - deregister  status: 200
2023-12-08T08:15:54.953+05:30  INFO 22168 --- [Thread-1] com.netflix.discovery.DiscoveryClient    : Completed shut down of DiscoveryClient
2023-12-08T08:15:55.098+05:30  INFO 22168 --- [restartedMain] com.asit.IndigoFlightsApiApplication     : Starting IndigoFlightsApiApplication using Java 17.0.8 with PID 22168 (D:\MSA\IndigoFlightsAPI\target\classes started by shashavali in D:\MSA\IndigoFlightsAPI)
2023-12-08T08:15:55.098+05:30  INFO 22168 --- [restartedMain] com.asit.IndigoFlightsApiApplication     : No active profile set, falling back to 1 default profile: "default"
2023-12-08T08:15:55.293+05:30  INFO 22168 --- [restartedMain] .s.d.r.c.RepositoryConfigurationDelegate : Bootstrapping Spring Data JPA repositories in DEFAULT mode.
2023-12-08T08:15:55.300+05:30  INFO 22168 --- [restartedMain] .s.d.r.c.RepositoryConfigurationDelegate : Finished Spring Data repository scanning in 6 ms. Found 1 JPA repository interface.
2023-12-08T08:15:55.346+05:30  INFO 22168 --- [restartedMain] o.s.cloud.context.scope.GenericScope     : BeanFactory id=8eefe126-d302-377b-b63a-f33cec378ac5
2023-12-08T08:15:55.413+05:30  INFO 22168 --- [restartedMain] o.s.b.w.embedded.tomcat.TomcatWebServer  : Tomcat initialized with port(s): 9099 (http)
2023-12-08T08:15:55.413+05:30  INFO 22168 --- [restartedMain] o.apache.catalina.core.StandardService   : Starting service [Tomcat]
2023-12-08T08:15:55.414+05:30  INFO 22168 --- [restartedMain] o.apache.catalina.core.StandardEngine    : Starting Servlet engine: [Apache Tomcat/10.1.16]
2023-12-08T08:15:55.430+05:30  INFO 22168 --- [restartedMain] o.a.c.c.C.[Tomcat].[localhost].[/]       : Initializing Spring embedded WebApplicationContext
2023-12-08T08:15:55.431+05:30  INFO 22168 --- [restartedMain] w.s.c.ServletWebServerApplicationContext : Root WebApplicationContext: initialization completed in 331 ms
2023-12-08T08:15:55.528+05:30  INFO 22168 --- [restartedMain] o.hibernate.jpa.internal.util.LogHelper  : HHH000204: Processing PersistenceUnitInfo [name: default]
2023-12-08T08:15:55.532+05:30  INFO 22168 --- [restartedMain] o.s.o.j.p.SpringPersistenceUnitInfo      : No LoadTimeWeaver setup: ignoring JPA class transformer
2023-12-08T08:15:55.533+05:30  INFO 22168 --- [restartedMain] com.zaxxer.hikari.HikariDataSource       : HikariPool-2 - Starting...
2023-12-08T08:15:55.551+05:30  INFO 22168 --- [restartedMain] com.zaxxer.hikari.pool.HikariPool        : HikariPool-2 - Added connection com.mysql.cj.jdbc.ConnectionImpl@6f5e33ab
2023-12-08T08:15:55.551+05:30  INFO 22168 --- [restartedMain] com.zaxxer.hikari.HikariDataSource       : HikariPool-2 - Start completed.
2023-12-08T08:15:55.589+05:30  INFO 22168 --- [restartedMain] o.h.e.t.j.p.i.JtaPlatformInitiator       : HHH000489: No JTA platform available (set 'hibernate.transaction.jta.platform' to enable JTA platform integration)
2023-12-08T08:15:55.613+05:30  INFO 22168 --- [restartedMain] j.LocalContainerEntityManagerFactoryBean : Initialized JPA EntityManagerFactory for persistence unit 'default'
2023-12-08T08:15:55.681+05:30  WARN 22168 --- [restartedMain] JpaBaseConfiguration$JpaWebConfiguration : spring.jpa.open-in-view is enabled by default. Therefore, database queries may be performed during view rendering. Explicitly configure spring.jpa.open-in-view to disable this warning
2023-12-08T08:15:55.876+05:30  WARN 22168 --- [restartedMain] o.s.b.d.a.OptionalLiveReloadServer       : Unable to start LiveReload server
2023-12-08T08:15:55.937+05:30  INFO 22168 --- [restartedMain] DiscoveryClientOptionalArgsConfiguration : Eureka HTTP Client uses RestTemplate.
2023-12-08T08:15:55.947+05:30  WARN 22168 --- [restartedMain] iguration$LoadBalancerCaffeineWarnLogger : Spring Cloud LoadBalancer is currently working with the default cache. While this cache implementation is useful for development and tests, it's recommended to use Caffeine cache in production.You can switch to using Caffeine cache, by adding it and org.springframework.cache.caffeine.CaffeineCacheManager to the classpath.
2023-12-08T08:15:55.949+05:30  INFO 22168 --- [restartedMain] o.s.b.a.e.web.EndpointLinksResolver      : Exposing 17 endpoint(s) beneath base path '/actuator'
2023-12-08T08:15:55.965+05:30  INFO 22168 --- [restartedMain] o.s.c.n.eureka.InstanceInfoFactory       : Setting initial instance status as: STARTING
2023-12-08T08:15:55.967+05:30  INFO 22168 --- [restartedMain] com.netflix.discovery.DiscoveryClient    : Initializing Eureka in region us-east-1
2023-12-08T08:15:55.967+05:30  INFO 22168 --- [restartedMain] c.n.d.s.r.aws.ConfigClusterResolver      : Resolving eureka endpoints via configuration
2023-12-08T08:15:55.974+05:30  INFO 22168 --- [restartedMain] com.netflix.discovery.DiscoveryClient    : Disable delta property : false
2023-12-08T08:15:55.974+05:30  INFO 22168 --- [restartedMain] com.netflix.discovery.DiscoveryClient    : Single vip registry refresh property : null
2023-12-08T08:15:55.974+05:30  INFO 22168 --- [restartedMain] com.netflix.discovery.DiscoveryClient    : Force full registry fetch : false
2023-12-08T08:15:55.974+05:30  INFO 22168 --- [restartedMain] com.netflix.discovery.DiscoveryClient    : Application is null : false
2023-12-08T08:15:55.974+05:30  INFO 22168 --- [restartedMain] com.netflix.discovery.DiscoveryClient    : Registered Applications size is zero : true
2023-12-08T08:15:55.975+05:30  INFO 22168 --- [restartedMain] com.netflix.discovery.DiscoveryClient    : Application version is -1: true
2023-12-08T08:15:55.975+05:30  INFO 22168 --- [restartedMain] com.netflix.discovery.DiscoveryClient    : Getting all instance registry info from the eureka server
2023-12-08T08:15:55.992+05:30  INFO 22168 --- [restartedMain] com.netflix.discovery.DiscoveryClient    : The response status is 200
2023-12-08T08:15:55.993+05:30  INFO 22168 --- [restartedMain] com.netflix.discovery.DiscoveryClient    : Starting heartbeat executor: renew interval is: 30
2023-12-08T08:15:55.993+05:30  INFO 22168 --- [restartedMain] c.n.discovery.InstanceInfoReplicator     : InstanceInfoReplicator onDemand update allowed rate per min is 4
2023-12-08T08:15:55.994+05:30  INFO 22168 --- [restartedMain] com.netflix.discovery.DiscoveryClient    : Discovery Client initialized at timestamp 1702003555994 with initial instances count: 1
2023-12-08T08:15:55.995+05:30  INFO 22168 --- [restartedMain] o.s.c.n.e.s.EurekaServiceRegistry        : Registering application INDIGOFLIGHTSSERVICE with eureka with status UP
2023-12-08T08:15:55.995+05:30  INFO 22168 --- [restartedMain] com.netflix.discovery.DiscoveryClient    : Saw local status change event StatusChangeEvent [timestamp=1702003555995, current=UP, previous=STARTING]
2023-12-08T08:15:55.995+05:30  INFO 22168 --- [DiscoveryClient-InstanceInfoReplicator-0] com.netflix.discovery.DiscoveryClient    : DiscoveryClient_INDIGOFLIGHTSSERVICE/shashavali:IndigoFlightsService:9099: registering service...
2023-12-08T08:15:55.997+05:30  INFO 22168 --- [restartedMain] o.s.b.w.embedded.tomcat.TomcatWebServer  : Tomcat started on port(s): 9099 (http) with context path ''
2023-12-08T08:15:55.998+05:30  INFO 22168 --- [restartedMain] .s.c.n.e.s.EurekaAutoServiceRegistration : Updating port to 9099
2023-12-08T08:15:56.005+05:30  INFO 22168 --- [DiscoveryClient-InstanceInfoReplicator-0] com.netflix.discovery.DiscoveryClient    : DiscoveryClient_INDIGOFLIGHTSSERVICE/shashavali:IndigoFlightsService:9099 - registration status: 204
2023-12-08T08:15:56.055+05:30  INFO 22168 --- [restartedMain] com.asit.IndigoFlightsApiApplication     : Started IndigoFlightsApiApplication in 1.036 seconds (process running for 95.627)
2023-12-08T08:15:56.058+05:30  INFO 22168 --- [restartedMain] .ConditionEvaluationDeltaLoggingListener : Condition evaluation unchanged
2023-12-08T08:19:42.389+05:30  INFO 22168 --- [File Watcher] rtingClassPathChangeChangedEventListener : Restarting due to 10 class path changes (0 additions, 3 deletions, 7 modifications)
2023-12-08T08:19:42.390+05:30  INFO 22168 --- [Thread-7] o.s.c.n.e.s.EurekaServiceRegistry        : Unregistering application INDIGOFLIGHTSSERVICE with eureka with status DOWN
2023-12-08T08:19:42.390+05:30  INFO 22168 --- [Thread-7] com.netflix.discovery.DiscoveryClient    : Saw local status change event StatusChangeEvent [timestamp=1702003782390, current=DOWN, previous=UP]
2023-12-08T08:19:42.390+05:30  INFO 22168 --- [DiscoveryClient-InstanceInfoReplicator-0] com.netflix.discovery.DiscoveryClient    : DiscoveryClient_INDIGOFLIGHTSSERVICE/shashavali:IndigoFlightsService:9099: registering service...
2023-12-08T08:19:42.400+05:30  INFO 22168 --- [DiscoveryClient-InstanceInfoReplicator-0] com.netflix.discovery.DiscoveryClient    : DiscoveryClient_INDIGOFLIGHTSSERVICE/shashavali:IndigoFlightsService:9099 - registration status: 204
2023-12-08T08:19:42.404+05:30  INFO 22168 --- [Thread-7] o.apache.catalina.core.StandardService   : Stopping service [Tomcat]
2023-12-08T08:19:42.410+05:30  INFO 22168 --- [Thread-7] j.LocalContainerEntityManagerFactoryBean : Closing JPA EntityManagerFactory for persistence unit 'default'
2023-12-08T08:19:42.411+05:30  INFO 22168 --- [Thread-7] com.zaxxer.hikari.HikariDataSource       : HikariPool-2 - Shutdown initiated...
2023-12-08T08:19:42.456+05:30  INFO 22168 --- [Thread-7] com.zaxxer.hikari.HikariDataSource       : HikariPool-2 - Shutdown completed.
2023-12-08T08:19:43.462+05:30  INFO 22168 --- [Thread-7] com.netflix.discovery.DiscoveryClient    : Shutting down DiscoveryClient ...
2023-12-08T08:19:46.478+05:30  INFO 22168 --- [Thread-7] com.netflix.discovery.DiscoveryClient    : Unregistering ...
2023-12-08T08:19:46.484+05:30  INFO 22168 --- [Thread-7] com.netflix.discovery.DiscoveryClient    : DiscoveryClient_INDIGOFLIGHTSSERVICE/shashavali:IndigoFlightsService:9099 - deregister  status: 200
2023-12-08T08:19:46.488+05:30  INFO 22168 --- [Thread-7] com.netflix.discovery.DiscoveryClient    : Completed shut down of DiscoveryClient
2023-12-08T08:19:46.624+05:30  INFO 22168 --- [restartedMain] com.asit.IndigoFlightsApiApplication     : Starting IndigoFlightsApiApplication using Java 17.0.8 with PID 22168 (D:\MSA\IndigoFlightsAPI\target\classes started by shashavali in D:\MSA\IndigoFlightsAPI)
2023-12-08T08:19:46.625+05:30  INFO 22168 --- [restartedMain] com.asit.IndigoFlightsApiApplication     : No active profile set, falling back to 1 default profile: "default"
2023-12-08T08:19:46.816+05:30  INFO 22168 --- [restartedMain] .s.d.r.c.RepositoryConfigurationDelegate : Bootstrapping Spring Data JPA repositories in DEFAULT mode.
2023-12-08T08:19:46.823+05:30  INFO 22168 --- [restartedMain] .s.d.r.c.RepositoryConfigurationDelegate : Finished Spring Data repository scanning in 6 ms. Found 1 JPA repository interface.
2023-12-08T08:19:46.863+05:30  INFO 22168 --- [restartedMain] o.s.cloud.context.scope.GenericScope     : BeanFactory id=8eefe126-d302-377b-b63a-f33cec378ac5
2023-12-08T08:19:46.923+05:30  INFO 22168 --- [restartedMain] o.s.b.w.embedded.tomcat.TomcatWebServer  : Tomcat initialized with port(s): 9099 (http)
2023-12-08T08:19:46.923+05:30  INFO 22168 --- [restartedMain] o.apache.catalina.core.StandardService   : Starting service [Tomcat]
2023-12-08T08:19:46.923+05:30  INFO 22168 --- [restartedMain] o.apache.catalina.core.StandardEngine    : Starting Servlet engine: [Apache Tomcat/10.1.16]
2023-12-08T08:19:46.940+05:30  INFO 22168 --- [restartedMain] o.a.c.c.C.[Tomcat].[localhost].[/]       : Initializing Spring embedded WebApplicationContext
2023-12-08T08:19:46.940+05:30  INFO 22168 --- [restartedMain] w.s.c.ServletWebServerApplicationContext : Root WebApplicationContext: initialization completed in 314 ms
2023-12-08T08:19:47.012+05:30  INFO 22168 --- [restartedMain] o.hibernate.jpa.internal.util.LogHelper  : HHH000204: Processing PersistenceUnitInfo [name: default]
2023-12-08T08:19:47.016+05:30  INFO 22168 --- [restartedMain] o.s.o.j.p.SpringPersistenceUnitInfo      : No LoadTimeWeaver setup: ignoring JPA class transformer
2023-12-08T08:19:47.017+05:30  INFO 22168 --- [restartedMain] com.zaxxer.hikari.HikariDataSource       : HikariPool-3 - Starting...
2023-12-08T08:19:47.029+05:30  INFO 22168 --- [restartedMain] com.zaxxer.hikari.pool.HikariPool        : HikariPool-3 - Added connection com.mysql.cj.jdbc.ConnectionImpl@19a48a64
2023-12-08T08:19:47.029+05:30  INFO 22168 --- [restartedMain] com.zaxxer.hikari.HikariDataSource       : HikariPool-3 - Start completed.
2023-12-08T08:19:47.061+05:30  INFO 22168 --- [restartedMain] o.h.e.t.j.p.i.JtaPlatformInitiator       : HHH000489: No JTA platform available (set 'hibernate.transaction.jta.platform' to enable JTA platform integration)
2023-12-08T08:19:47.073+05:30  INFO 22168 --- [restartedMain] j.LocalContainerEntityManagerFactoryBean : Initialized JPA EntityManagerFactory for persistence unit 'default'
2023-12-08T08:19:47.118+05:30  WARN 22168 --- [restartedMain] JpaBaseConfiguration$JpaWebConfiguration : spring.jpa.open-in-view is enabled by default. Therefore, database queries may be performed during view rendering. Explicitly configure spring.jpa.open-in-view to disable this warning
2023-12-08T08:19:47.422+05:30  WARN 22168 --- [restartedMain] o.s.b.d.a.OptionalLiveReloadServer       : Unable to start LiveReload server
2023-12-08T08:19:47.473+05:30  INFO 22168 --- [restartedMain] DiscoveryClientOptionalArgsConfiguration : Eureka HTTP Client uses RestTemplate.
2023-12-08T08:19:47.482+05:30  WARN 22168 --- [restartedMain] iguration$LoadBalancerCaffeineWarnLogger : Spring Cloud LoadBalancer is currently working with the default cache. While this cache implementation is useful for development and tests, it's recommended to use Caffeine cache in production.You can switch to using Caffeine cache, by adding it and org.springframework.cache.caffeine.CaffeineCacheManager to the classpath.
2023-12-08T08:19:47.485+05:30  INFO 22168 --- [restartedMain] o.s.b.a.e.web.EndpointLinksResolver      : Exposing 17 endpoint(s) beneath base path '/actuator'
2023-12-08T08:19:47.499+05:30  INFO 22168 --- [restartedMain] o.s.c.n.eureka.InstanceInfoFactory       : Setting initial instance status as: STARTING
2023-12-08T08:19:47.501+05:30  INFO 22168 --- [restartedMain] com.netflix.discovery.DiscoveryClient    : Initializing Eureka in region us-east-1
2023-12-08T08:19:47.501+05:30  INFO 22168 --- [restartedMain] c.n.d.s.r.aws.ConfigClusterResolver      : Resolving eureka endpoints via configuration
2023-12-08T08:19:47.502+05:30  INFO 22168 --- [restartedMain] com.netflix.discovery.DiscoveryClient    : Disable delta property : false
2023-12-08T08:19:47.502+05:30  INFO 22168 --- [restartedMain] com.netflix.discovery.DiscoveryClient    : Single vip registry refresh property : null
2023-12-08T08:19:47.502+05:30  INFO 22168 --- [restartedMain] com.netflix.discovery.DiscoveryClient    : Force full registry fetch : false
2023-12-08T08:19:47.502+05:30  INFO 22168 --- [restartedMain] com.netflix.discovery.DiscoveryClient    : Application is null : false
2023-12-08T08:19:47.502+05:30  INFO 22168 --- [restartedMain] com.netflix.discovery.DiscoveryClient    : Registered Applications size is zero : true
2023-12-08T08:19:47.502+05:30  INFO 22168 --- [restartedMain] com.netflix.discovery.DiscoveryClient    : Application version is -1: true
2023-12-08T08:19:47.502+05:30  INFO 22168 --- [restartedMain] com.netflix.discovery.DiscoveryClient    : Getting all instance registry info from the eureka server
2023-12-08T08:19:47.514+05:30  INFO 22168 --- [restartedMain] com.netflix.discovery.DiscoveryClient    : The response status is 200
2023-12-08T08:19:47.515+05:30  INFO 22168 --- [restartedMain] com.netflix.discovery.DiscoveryClient    : Starting heartbeat executor: renew interval is: 30
2023-12-08T08:19:47.516+05:30  INFO 22168 --- [restartedMain] c.n.discovery.InstanceInfoReplicator     : InstanceInfoReplicator onDemand update allowed rate per min is 4
2023-12-08T08:19:47.517+05:30  INFO 22168 --- [restartedMain] com.netflix.discovery.DiscoveryClient    : Discovery Client initialized at timestamp 1702003787517 with initial instances count: 1
2023-12-08T08:19:47.518+05:30  INFO 22168 --- [restartedMain] o.s.c.n.e.s.EurekaServiceRegistry        : Registering application INDIGOFLIGHTSSERVICE with eureka with status UP
2023-12-08T08:19:47.518+05:30  INFO 22168 --- [restartedMain] com.netflix.discovery.DiscoveryClient    : Saw local status change event StatusChangeEvent [timestamp=1702003787518, current=UP, previous=STARTING]
2023-12-08T08:19:47.518+05:30  INFO 22168 --- [DiscoveryClient-InstanceInfoReplicator-0] com.netflix.discovery.DiscoveryClient    : DiscoveryClient_INDIGOFLIGHTSSERVICE/shashavali:IndigoFlightsService:9099: registering service...
2023-12-08T08:19:47.522+05:30  INFO 22168 --- [restartedMain] o.s.b.w.embedded.tomcat.TomcatWebServer  : Tomcat started on port(s): 9099 (http) with context path ''
2023-12-08T08:19:47.522+05:30  INFO 22168 --- [restartedMain] .s.c.n.e.s.EurekaAutoServiceRegistration : Updating port to 9099
2023-12-08T08:19:47.529+05:30  INFO 22168 --- [DiscoveryClient-InstanceInfoReplicator-0] com.netflix.discovery.DiscoveryClient    : DiscoveryClient_INDIGOFLIGHTSSERVICE/shashavali:IndigoFlightsService:9099 - registration status: 204
2023-12-08T08:19:47.584+05:30  INFO 22168 --- [restartedMain] com.asit.IndigoFlightsApiApplication     : Started IndigoFlightsApiApplication in 1.033 seconds (process running for 327.156)
2023-12-08T08:19:47.586+05:30  INFO 22168 --- [restartedMain] .ConditionEvaluationDeltaLoggingListener : Condition evaluation unchanged
2023-12-08T08:19:48.845+05:30  INFO 22168 --- [File Watcher] rtingClassPathChangeChangedEventListener : Restarting due to 3 class path changes (3 additions, 0 deletions, 0 modifications)
2023-12-08T08:19:48.850+05:30  INFO 22168 --- [Thread-13] o.s.c.n.e.s.EurekaServiceRegistry        : Unregistering application INDIGOFLIGHTSSERVICE with eureka with status DOWN
2023-12-08T08:19:48.854+05:30  INFO 22168 --- [Thread-13] com.netflix.discovery.DiscoveryClient    : Saw local status change event StatusChangeEvent [timestamp=1702003788854, current=DOWN, previous=UP]
2023-12-08T08:19:48.855+05:30  INFO 22168 --- [DiscoveryClient-InstanceInfoReplicator-0] com.netflix.discovery.DiscoveryClient    : DiscoveryClient_INDIGOFLIGHTSSERVICE/shashavali:IndigoFlightsService:9099: registering service...
2023-12-08T08:19:48.866+05:30  INFO 22168 --- [DiscoveryClient-InstanceInfoReplicator-0] com.netflix.discovery.DiscoveryClient    : DiscoveryClient_INDIGOFLIGHTSSERVICE/shashavali:IndigoFlightsService:9099 - registration status: 204
2023-12-08T08:19:48.873+05:30  INFO 22168 --- [Thread-13] o.apache.catalina.core.StandardService   : Stopping service [Tomcat]
2023-12-08T08:19:48.878+05:30  INFO 22168 --- [Thread-13] j.LocalContainerEntityManagerFactoryBean : Closing JPA EntityManagerFactory for persistence unit 'default'
2023-12-08T08:19:48.878+05:30  INFO 22168 --- [Thread-13] com.zaxxer.hikari.HikariDataSource       : HikariPool-3 - Shutdown initiated...
2023-12-08T08:19:48.882+05:30  INFO 22168 --- [Thread-13] com.zaxxer.hikari.HikariDataSource       : HikariPool-3 - Shutdown completed.
2023-12-08T08:19:49.891+05:30  INFO 22168 --- [Thread-13] com.netflix.discovery.DiscoveryClient    : Shutting down DiscoveryClient ...
2023-12-08T08:19:52.896+05:30  INFO 22168 --- [Thread-13] com.netflix.discovery.DiscoveryClient    : Unregistering ...
2023-12-08T08:19:52.902+05:30  INFO 22168 --- [Thread-13] com.netflix.discovery.DiscoveryClient    : DiscoveryClient_INDIGOFLIGHTSSERVICE/shashavali:IndigoFlightsService:9099 - deregister  status: 200
2023-12-08T08:19:52.904+05:30  INFO 22168 --- [Thread-13] com.netflix.discovery.DiscoveryClient    : Completed shut down of DiscoveryClient
2023-12-08T08:19:53.018+05:30  INFO 22168 --- [restartedMain] com.asit.IndigoFlightsApiApplication     : Starting IndigoFlightsApiApplication using Java 17.0.8 with PID 22168 (D:\MSA\IndigoFlightsAPI\target\classes started by shashavali in D:\MSA\IndigoFlightsAPI)
2023-12-08T08:19:53.018+05:30  INFO 22168 --- [restartedMain] com.asit.IndigoFlightsApiApplication     : No active profile set, falling back to 1 default profile: "default"
2023-12-08T08:19:53.198+05:30  INFO 22168 --- [restartedMain] .s.d.r.c.RepositoryConfigurationDelegate : Bootstrapping Spring Data JPA repositories in DEFAULT mode.
2023-12-08T08:19:53.202+05:30  INFO 22168 --- [restartedMain] .s.d.r.c.RepositoryConfigurationDelegate : Finished Spring Data repository scanning in 4 ms. Found 1 JPA repository interface.
2023-12-08T08:19:53.238+05:30  INFO 22168 --- [restartedMain] o.s.cloud.context.scope.GenericScope     : BeanFactory id=8eefe126-d302-377b-b63a-f33cec378ac5
2023-12-08T08:19:53.294+05:30  INFO 22168 --- [restartedMain] o.s.b.w.embedded.tomcat.TomcatWebServer  : Tomcat initialized with port(s): 9099 (http)
2023-12-08T08:19:53.295+05:30  INFO 22168 --- [restartedMain] o.apache.catalina.core.StandardService   : Starting service [Tomcat]
2023-12-08T08:19:53.295+05:30  INFO 22168 --- [restartedMain] o.apache.catalina.core.StandardEngine    : Starting Servlet engine: [Apache Tomcat/10.1.16]
2023-12-08T08:19:53.317+05:30  INFO 22168 --- [restartedMain] o.a.c.c.C.[Tomcat].[localhost].[/]       : Initializing Spring embedded WebApplicationContext
2023-12-08T08:19:53.317+05:30  INFO 22168 --- [restartedMain] w.s.c.ServletWebServerApplicationContext : Root WebApplicationContext: initialization completed in 298 ms
2023-12-08T08:19:53.396+05:30  INFO 22168 --- [restartedMain] o.hibernate.jpa.internal.util.LogHelper  : HHH000204: Processing PersistenceUnitInfo [name: default]
2023-12-08T08:19:53.400+05:30  INFO 22168 --- [restartedMain] o.s.o.j.p.SpringPersistenceUnitInfo      : No LoadTimeWeaver setup: ignoring JPA class transformer
2023-12-08T08:19:53.401+05:30  INFO 22168 --- [restartedMain] com.zaxxer.hikari.HikariDataSource       : HikariPool-4 - Starting...
2023-12-08T08:19:53.412+05:30  INFO 22168 --- [restartedMain] com.zaxxer.hikari.pool.HikariPool        : HikariPool-4 - Added connection com.mysql.cj.jdbc.ConnectionImpl@261e94d0
2023-12-08T08:19:53.412+05:30  INFO 22168 --- [restartedMain] com.zaxxer.hikari.HikariDataSource       : HikariPool-4 - Start completed.
2023-12-08T08:19:53.437+05:30  INFO 22168 --- [restartedMain] o.h.e.t.j.p.i.JtaPlatformInitiator       : HHH000489: No JTA platform available (set 'hibernate.transaction.jta.platform' to enable JTA platform integration)
2023-12-08T08:19:53.446+05:30  INFO 22168 --- [restartedMain] j.LocalContainerEntityManagerFactoryBean : Initialized JPA EntityManagerFactory for persistence unit 'default'
2023-12-08T08:19:53.494+05:30  WARN 22168 --- [restartedMain] JpaBaseConfiguration$JpaWebConfiguration : spring.jpa.open-in-view is enabled by default. Therefore, database queries may be performed during view rendering. Explicitly configure spring.jpa.open-in-view to disable this warning
2023-12-08T08:19:53.991+05:30  WARN 22168 --- [restartedMain] o.s.b.d.a.OptionalLiveReloadServer       : Unable to start LiveReload server
2023-12-08T08:19:54.109+05:30  INFO 22168 --- [restartedMain] DiscoveryClientOptionalArgsConfiguration : Eureka HTTP Client uses RestTemplate.
2023-12-08T08:19:54.123+05:30  WARN 22168 --- [restartedMain] iguration$LoadBalancerCaffeineWarnLogger : Spring Cloud LoadBalancer is currently working with the default cache. While this cache implementation is useful for development and tests, it's recommended to use Caffeine cache in production.You can switch to using Caffeine cache, by adding it and org.springframework.cache.caffeine.CaffeineCacheManager to the classpath.
2023-12-08T08:19:54.130+05:30  INFO 22168 --- [restartedMain] o.s.b.a.e.web.EndpointLinksResolver      : Exposing 17 endpoint(s) beneath base path '/actuator'
2023-12-08T08:19:54.196+05:30  INFO 22168 --- [restartedMain] o.s.c.n.eureka.InstanceInfoFactory       : Setting initial instance status as: STARTING
2023-12-08T08:19:54.199+05:30  INFO 22168 --- [restartedMain] com.netflix.discovery.DiscoveryClient    : Initializing Eureka in region us-east-1
2023-12-08T08:19:54.199+05:30  INFO 22168 --- [restartedMain] c.n.d.s.r.aws.ConfigClusterResolver      : Resolving eureka endpoints via configuration
2023-12-08T08:19:54.200+05:30  INFO 22168 --- [restartedMain] com.netflix.discovery.DiscoveryClient    : Disable delta property : false
2023-12-08T08:19:54.200+05:30  INFO 22168 --- [restartedMain] com.netflix.discovery.DiscoveryClient    : Single vip registry refresh property : null
2023-12-08T08:19:54.200+05:30  INFO 22168 --- [restartedMain] com.netflix.discovery.DiscoveryClient    : Force full registry fetch : false
2023-12-08T08:19:54.200+05:30  INFO 22168 --- [restartedMain] com.netflix.discovery.DiscoveryClient    : Application is null : false
2023-12-08T08:19:54.200+05:30  INFO 22168 --- [restartedMain] com.netflix.discovery.DiscoveryClient    : Registered Applications size is zero : true
2023-12-08T08:19:54.201+05:30  INFO 22168 --- [restartedMain] com.netflix.discovery.DiscoveryClient    : Application version is -1: true
2023-12-08T08:19:54.201+05:30  INFO 22168 --- [restartedMain] com.netflix.discovery.DiscoveryClient    : Getting all instance registry info from the eureka server
2023-12-08T08:19:54.229+05:30  INFO 22168 --- [restartedMain] com.netflix.discovery.DiscoveryClient    : The response status is 200
2023-12-08T08:19:54.230+05:30  INFO 22168 --- [restartedMain] com.netflix.discovery.DiscoveryClient    : Starting heartbeat executor: renew interval is: 30
2023-12-08T08:19:54.230+05:30  INFO 22168 --- [restartedMain] c.n.discovery.InstanceInfoReplicator     : InstanceInfoReplicator onDemand update allowed rate per min is 4
2023-12-08T08:19:54.235+05:30  INFO 22168 --- [restartedMain] com.netflix.discovery.DiscoveryClient    : Discovery Client initialized at timestamp 1702003794235 with initial instances count: 1
2023-12-08T08:19:54.244+05:30  INFO 22168 --- [restartedMain] o.s.c.n.e.s.EurekaServiceRegistry        : Registering application INDIGOFLIGHTSSERVICE with eureka with status UP
2023-12-08T08:19:54.244+05:30  INFO 22168 --- [restartedMain] com.netflix.discovery.DiscoveryClient    : Saw local status change event StatusChangeEvent [timestamp=1702003794244, current=UP, previous=STARTING]
2023-12-08T08:19:54.248+05:30  INFO 22168 --- [restartedMain] o.s.b.w.embedded.tomcat.TomcatWebServer  : Tomcat started on port(s): 9099 (http) with context path ''
2023-12-08T08:19:54.248+05:30  INFO 22168 --- [DiscoveryClient-InstanceInfoReplicator-0] com.netflix.discovery.DiscoveryClient    : DiscoveryClient_INDIGOFLIGHTSSERVICE/shashavali:IndigoFlightsService:9099: registering service...
2023-12-08T08:19:54.248+05:30  INFO 22168 --- [restartedMain] .s.c.n.e.s.EurekaAutoServiceRegistration : Updating port to 9099
2023-12-08T08:19:54.299+05:30  INFO 22168 --- [DiscoveryClient-InstanceInfoReplicator-0] com.netflix.discovery.DiscoveryClient    : DiscoveryClient_INDIGOFLIGHTSSERVICE/shashavali:IndigoFlightsService:9099 - registration status: 204
2023-12-08T08:19:54.449+05:30  INFO 22168 --- [restartedMain] com.asit.IndigoFlightsApiApplication     : Started IndigoFlightsApiApplication in 1.498 seconds (process running for 334.021)
2023-12-08T08:19:54.454+05:30  INFO 22168 --- [restartedMain] .ConditionEvaluationDeltaLoggingListener : Condition evaluation unchanged
2023-12-08T08:21:47.475+05:30  INFO 22168 --- [RMI TCP Connection(2)-127.0.0.1] inMXBeanRegistrar$SpringApplicationAdmin : Application shutdown requested.
2023-12-08T08:21:47.476+05:30  INFO 22168 --- [RMI TCP Connection(2)-127.0.0.1] o.s.c.n.e.s.EurekaServiceRegistry        : Unregistering application INDIGOFLIGHTSSERVICE with eureka with status DOWN
2023-12-08T08:21:47.476+05:30  INFO 22168 --- [RMI TCP Connection(2)-127.0.0.1] com.netflix.discovery.DiscoveryClient    : Saw local status change event StatusChangeEvent [timestamp=1702003907476, current=DOWN, previous=UP]
2023-12-08T08:21:47.476+05:30  INFO 22168 --- [DiscoveryClient-InstanceInfoReplicator-0] com.netflix.discovery.DiscoveryClient    : DiscoveryClient_INDIGOFLIGHTSSERVICE/shashavali:IndigoFlightsService:9099: registering service...
2023-12-08T08:21:47.484+05:30  INFO 22168 --- [DiscoveryClient-InstanceInfoReplicator-0] com.netflix.discovery.DiscoveryClient    : DiscoveryClient_INDIGOFLIGHTSSERVICE/shashavali:IndigoFlightsService:9099 - registration status: 204
2023-12-08T08:21:47.484+05:30  INFO 22168 --- [RMI TCP Connection(2)-127.0.0.1] o.apache.catalina.core.StandardService   : Stopping service [Tomcat]
2023-12-08T08:21:47.487+05:30  INFO 22168 --- [RMI TCP Connection(2)-127.0.0.1] j.LocalContainerEntityManagerFactoryBean : Closing JPA EntityManagerFactory for persistence unit 'default'
2023-12-08T08:21:47.488+05:30  INFO 22168 --- [RMI TCP Connection(2)-127.0.0.1] com.zaxxer.hikari.HikariDataSource       : HikariPool-4 - Shutdown initiated...
2023-12-08T08:21:47.492+05:30  INFO 22168 --- [RMI TCP Connection(2)-127.0.0.1] com.zaxxer.hikari.HikariDataSource       : HikariPool-4 - Shutdown completed.
2023-12-08T08:21:48.494+05:30  INFO 22168 --- [RMI TCP Connection(2)-127.0.0.1] com.netflix.discovery.DiscoveryClient    : Shutting down DiscoveryClient ...
2023-12-08T08:21:51.497+05:30  INFO 22168 --- [RMI TCP Connection(2)-127.0.0.1] com.netflix.discovery.DiscoveryClient    : Unregistering ...
2023-12-08T08:21:51.504+05:30  INFO 22168 --- [RMI TCP Connection(2)-127.0.0.1] com.netflix.discovery.DiscoveryClient    : DiscoveryClient_INDIGOFLIGHTSSERVICE/shashavali:IndigoFlightsService:9099 - deregister  status: 200
2023-12-08T08:21:51.507+05:30  INFO 22168 --- [RMI TCP Connection(2)-127.0.0.1] com.netflix.discovery.DiscoveryClient    : Completed shut down of DiscoveryClient
2023-12-08T08:22:12.934+05:30  INFO 5884 --- [restartedMain] com.asit.IndigoFlightsApiApplication     : Starting IndigoFlightsApiApplication using Java 17.0.8 with PID 5884 (D:\MSA\IndigoFlightsAPI\target\classes started by shashavali in D:\MSA\IndigoFlightsAPI)
2023-12-08T08:22:12.936+05:30  INFO 5884 --- [restartedMain] com.asit.IndigoFlightsApiApplication     : No active profile set, falling back to 1 default profile: "default"
2023-12-08T08:22:12.971+05:30  INFO 5884 --- [restartedMain] .e.DevToolsPropertyDefaultsPostProcessor : Devtools property defaults active! Set 'spring.devtools.add-properties' to 'false' to disable
2023-12-08T08:22:12.971+05:30  INFO 5884 --- [restartedMain] .e.DevToolsPropertyDefaultsPostProcessor : For additional web related logging consider setting the 'logging.level.web' property to 'DEBUG'
2023-12-08T08:22:13.588+05:30  INFO 5884 --- [restartedMain] .s.d.r.c.RepositoryConfigurationDelegate : Bootstrapping Spring Data JPA repositories in DEFAULT mode.
2023-12-08T08:22:13.634+05:30  INFO 5884 --- [restartedMain] .s.d.r.c.RepositoryConfigurationDelegate : Finished Spring Data repository scanning in 41 ms. Found 1 JPA repository interface.
2023-12-08T08:22:13.788+05:30  INFO 5884 --- [restartedMain] o.s.cloud.context.scope.GenericScope     : BeanFactory id=0f7715e5-802c-3e7b-99f1-fdc6641d607d
2023-12-08T08:22:14.305+05:30  INFO 5884 --- [restartedMain] o.s.b.w.embedded.tomcat.TomcatWebServer  : Tomcat initialized with port(s): 9099 (http)
2023-12-08T08:22:14.313+05:30  INFO 5884 --- [restartedMain] o.apache.catalina.core.StandardService   : Starting service [Tomcat]
2023-12-08T08:22:14.313+05:30  INFO 5884 --- [restartedMain] o.apache.catalina.core.StandardEngine    : Starting Servlet engine: [Apache Tomcat/10.1.16]
2023-12-08T08:22:14.386+05:30  INFO 5884 --- [restartedMain] o.a.c.c.C.[Tomcat].[localhost].[/]       : Initializing Spring embedded WebApplicationContext
2023-12-08T08:22:14.387+05:30  INFO 5884 --- [restartedMain] w.s.c.ServletWebServerApplicationContext : Root WebApplicationContext: initialization completed in 1416 ms
2023-12-08T08:22:14.606+05:30  INFO 5884 --- [restartedMain] o.hibernate.jpa.internal.util.LogHelper  : HHH000204: Processing PersistenceUnitInfo [name: default]
2023-12-08T08:22:14.629+05:30  INFO 5884 --- [restartedMain] org.hibernate.Version                    : HHH000412: Hibernate ORM core version 6.2.13.Final
2023-12-08T08:22:14.631+05:30  INFO 5884 --- [restartedMain] org.hibernate.cfg.Environment            : HHH000406: Using bytecode reflection optimizer
2023-12-08T08:22:14.781+05:30  INFO 5884 --- [restartedMain] o.s.o.j.p.SpringPersistenceUnitInfo      : No LoadTimeWeaver setup: ignoring JPA class transformer
2023-12-08T08:22:14.793+05:30  INFO 5884 --- [restartedMain] com.zaxxer.hikari.HikariDataSource       : HikariPool-1 - Starting...
2023-12-08T08:22:15.214+05:30  INFO 5884 --- [restartedMain] com.zaxxer.hikari.pool.HikariPool        : HikariPool-1 - Added connection com.mysql.cj.jdbc.ConnectionImpl@51ad5d0a
2023-12-08T08:22:15.216+05:30  INFO 5884 --- [restartedMain] com.zaxxer.hikari.HikariDataSource       : HikariPool-1 - Start completed.
2023-12-08T08:22:15.700+05:30  INFO 5884 --- [restartedMain] o.h.e.t.j.p.i.JtaPlatformInitiator       : HHH000489: No JTA platform available (set 'hibernate.transaction.jta.platform' to enable JTA platform integration)
2023-12-08T08:22:15.732+05:30  INFO 5884 --- [restartedMain] j.LocalContainerEntityManagerFactoryBean : Initialized JPA EntityManagerFactory for persistence unit 'default'
2023-12-08T08:22:15.897+05:30  WARN 5884 --- [restartedMain] JpaBaseConfiguration$JpaWebConfiguration : spring.jpa.open-in-view is enabled by default. Therefore, database queries may be performed during view rendering. Explicitly configure spring.jpa.open-in-view to disable this warning
2023-12-08T08:22:16.310+05:30  WARN 5884 --- [restartedMain] o.s.b.d.a.OptionalLiveReloadServer       : Unable to start LiveReload server
2023-12-08T08:22:16.372+05:30  INFO 5884 --- [restartedMain] DiscoveryClientOptionalArgsConfiguration : Eureka HTTP Client uses RestTemplate.
2023-12-08T08:22:16.397+05:30  WARN 5884 --- [restartedMain] iguration$LoadBalancerCaffeineWarnLogger : Spring Cloud LoadBalancer is currently working with the default cache. While this cache implementation is useful for development and tests, it's recommended to use Caffeine cache in production.You can switch to using Caffeine cache, by adding it and org.springframework.cache.caffeine.CaffeineCacheManager to the classpath.
2023-12-08T08:22:16.401+05:30  INFO 5884 --- [restartedMain] o.s.b.a.e.web.EndpointLinksResolver      : Exposing 17 endpoint(s) beneath base path '/actuator'
2023-12-08T08:22:16.447+05:30  INFO 5884 --- [restartedMain] o.s.c.n.eureka.InstanceInfoFactory       : Setting initial instance status as: STARTING
2023-12-08T08:22:16.464+05:30  INFO 5884 --- [restartedMain] com.netflix.discovery.DiscoveryClient    : Initializing Eureka in region us-east-1
2023-12-08T08:22:16.468+05:30  INFO 5884 --- [restartedMain] c.n.d.s.r.aws.ConfigClusterResolver      : Resolving eureka endpoints via configuration
2023-12-08T08:22:16.485+05:30  INFO 5884 --- [restartedMain] com.netflix.discovery.DiscoveryClient    : Disable delta property : false
2023-12-08T08:22:16.485+05:30  INFO 5884 --- [restartedMain] com.netflix.discovery.DiscoveryClient    : Single vip registry refresh property : null
2023-12-08T08:22:16.485+05:30  INFO 5884 --- [restartedMain] com.netflix.discovery.DiscoveryClient    : Force full registry fetch : false
2023-12-08T08:22:16.485+05:30  INFO 5884 --- [restartedMain] com.netflix.discovery.DiscoveryClient    : Application is null : false
2023-12-08T08:22:16.485+05:30  INFO 5884 --- [restartedMain] com.netflix.discovery.DiscoveryClient    : Registered Applications size is zero : true
2023-12-08T08:22:16.485+05:30  INFO 5884 --- [restartedMain] com.netflix.discovery.DiscoveryClient    : Application version is -1: true
2023-12-08T08:22:16.485+05:30  INFO 5884 --- [restartedMain] com.netflix.discovery.DiscoveryClient    : Getting all instance registry info from the eureka server
2023-12-08T08:22:16.699+05:30  INFO 5884 --- [restartedMain] com.netflix.discovery.DiscoveryClient    : The response status is 200
2023-12-08T08:22:16.702+05:30  INFO 5884 --- [restartedMain] com.netflix.discovery.DiscoveryClient    : Starting heartbeat executor: renew interval is: 30
2023-12-08T08:22:16.703+05:30  INFO 5884 --- [restartedMain] c.n.discovery.InstanceInfoReplicator     : InstanceInfoReplicator onDemand update allowed rate per min is 4
2023-12-08T08:22:16.706+05:30  INFO 5884 --- [restartedMain] com.netflix.discovery.DiscoveryClient    : Discovery Client initialized at timestamp 1702003936706 with initial instances count: 0
2023-12-08T08:22:16.708+05:30  INFO 5884 --- [restartedMain] o.s.c.n.e.s.EurekaServiceRegistry        : Registering application INDIGOFLIGHTSSERVICE with eureka with status UP
2023-12-08T08:22:16.709+05:30  INFO 5884 --- [restartedMain] com.netflix.discovery.DiscoveryClient    : Saw local status change event StatusChangeEvent [timestamp=1702003936709, current=UP, previous=STARTING]
2023-12-08T08:22:16.710+05:30  INFO 5884 --- [DiscoveryClient-InstanceInfoReplicator-0] com.netflix.discovery.DiscoveryClient    : DiscoveryClient_INDIGOFLIGHTSSERVICE/shashavali:IndigoFlightsService:9099: registering service...
2023-12-08T08:22:16.740+05:30  INFO 5884 --- [DiscoveryClient-InstanceInfoReplicator-0] com.netflix.discovery.DiscoveryClient    : DiscoveryClient_INDIGOFLIGHTSSERVICE/shashavali:IndigoFlightsService:9099 - registration status: 204
2023-12-08T08:22:16.741+05:30  INFO 5884 --- [restartedMain] o.s.b.w.embedded.tomcat.TomcatWebServer  : Tomcat started on port(s): 9099 (http) with context path ''
2023-12-08T08:22:16.742+05:30  INFO 5884 --- [restartedMain] .s.c.n.e.s.EurekaAutoServiceRegistration : Updating port to 9099
2023-12-08T08:22:16.814+05:30  INFO 5884 --- [restartedMain] com.asit.IndigoFlightsApiApplication     : Started IndigoFlightsApiApplication in 4.173 seconds (process running for 4.655)
2023-12-08T08:22:42.060+05:30  INFO 5884 --- [File Watcher] rtingClassPathChangeChangedEventListener : Restarting due to 1 class path change (0 additions, 0 deletions, 1 modification)
2023-12-08T08:22:42.062+05:30  INFO 5884 --- [Thread-1] o.s.c.n.e.s.EurekaServiceRegistry        : Unregistering application INDIGOFLIGHTSSERVICE with eureka with status DOWN
2023-12-08T08:22:42.062+05:30  INFO 5884 --- [Thread-1] com.netflix.discovery.DiscoveryClient    : Saw local status change event StatusChangeEvent [timestamp=1702003962062, current=DOWN, previous=UP]
2023-12-08T08:22:42.062+05:30  INFO 5884 --- [DiscoveryClient-InstanceInfoReplicator-0] com.netflix.discovery.DiscoveryClient    : DiscoveryClient_INDIGOFLIGHTSSERVICE/shashavali:IndigoFlightsService:9099: registering service...
2023-12-08T08:22:42.069+05:30  INFO 5884 --- [DiscoveryClient-InstanceInfoReplicator-0] com.netflix.discovery.DiscoveryClient    : DiscoveryClient_INDIGOFLIGHTSSERVICE/shashavali:IndigoFlightsService:9099 - registration status: 204
2023-12-08T08:22:42.071+05:30  INFO 5884 --- [Thread-1] o.apache.catalina.core.StandardService   : Stopping service [Tomcat]
2023-12-08T08:22:42.082+05:30  INFO 5884 --- [Thread-1] j.LocalContainerEntityManagerFactoryBean : Closing JPA EntityManagerFactory for persistence unit 'default'
2023-12-08T08:22:42.086+05:30  INFO 5884 --- [Thread-1] com.zaxxer.hikari.HikariDataSource       : HikariPool-1 - Shutdown initiated...
2023-12-08T08:22:42.092+05:30  INFO 5884 --- [Thread-1] com.zaxxer.hikari.HikariDataSource       : HikariPool-1 - Shutdown completed.
2023-12-08T08:22:42.093+05:30  INFO 5884 --- [Thread-1] com.netflix.discovery.DiscoveryClient    : Shutting down DiscoveryClient ...
2023-12-08T08:22:45.104+05:30  INFO 5884 --- [Thread-1] com.netflix.discovery.DiscoveryClient    : Unregistering ...
2023-12-08T08:22:45.110+05:30  INFO 5884 --- [Thread-1] com.netflix.discovery.DiscoveryClient    : DiscoveryClient_INDIGOFLIGHTSSERVICE/shashavali:IndigoFlightsService:9099 - deregister  status: 200
2023-12-08T08:22:45.113+05:30  INFO 5884 --- [Thread-1] com.netflix.discovery.DiscoveryClient    : Completed shut down of DiscoveryClient
